<?xml version="1.0" encoding="UTF-8"?>
<!-- Generated by org.testng.reporters.JUnitReportReporter -->
<testsuite skipped="0" hostname="DELL-PC" name="bdd.APIFramework.LibraryHashMap" tests="1" failures="0" timestamp="2020-08-27T11:33:36 EDT" time="7.476" errors="0">
  <testcase name="addBook" time="7.476" classname="bdd.APIFramework.LibraryHashMap"/>
  <system-out/>
</testsuite> <!-- bdd.APIFramework.LibraryHashMap -->
